<?xml version="1.0" encoding="UTF-8"?>
<!-- Generated by org.testng.reporters.JUnitXMLReporter -->
<testsuite hostname="ITCTOR-195" name="Default test" tests="8" failures="0" timestamp="29 May 2019 16:17:03 GMT" time="0.064" errors="0">
  <testcase name="@BeforeTest initializeChrome" time="0.0" classname="com.itcsystems.www.TestApplication">
    <failure type="org.testng.TestNGException" message="
Parameter &amp;apos;location&amp;apos; is required by @Configuration on method initializeChrome but has not been marked @Optional or defined
in C:\Users\chandra.rai\AppData\Local\Temp\testng-eclipse-449799918\testng-customsuite.xml">
      <![CDATA[org.testng.TestNGException: 
Parameter 'location' is required by @Configuration on method initializeChrome but has not been marked @Optional or defined
in C:\Users\chandra.rai\AppData\Local\Temp\testng-eclipse-449799918\testng-customsuite.xml
	at org.testng.internal.Parameters.createParameters(Parameters.java:154)
	at org.testng.internal.Parameters.createParameters(Parameters.java:361)
	at org.testng.internal.Parameters.createConfigurationParameters(Parameters.java:84)
	at org.testng.internal.Invoker.invokeConfigurations(Invoker.java:197)
	at org.testng.internal.Invoker.invokeConfigurations(Invoker.java:138)
	at org.testng.TestRunner.beforeRun(TestRunner.java:648)
	at org.testng.TestRunner.run(TestRunner.java:616)
	at org.testng.SuiteRunner.runTest(SuiteRunner.java:359)
	at org.testng.SuiteRunner.runSequentially(SuiteRunner.java:354)
	at org.testng.SuiteRunner.privateRun(SuiteRunner.java:312)
	at org.testng.SuiteRunner.run(SuiteRunner.java:261)
	at org.testng.SuiteRunnerWorker.runSuite(SuiteRunnerWorker.java:52)
	at org.testng.SuiteRunnerWorker.run(SuiteRunnerWorker.java:86)
	at org.testng.TestNG.runSuitesSequentially(TestNG.java:1215)
	at org.testng.TestNG.runSuitesLocally(TestNG.java:1140)
	at org.testng.TestNG.run(TestNG.java:1048)
	at org.testng.remote.AbstractRemoteTestNG.run(AbstractRemoteTestNG.java:115)
	at org.testng.remote.RemoteTestNG.initAndRun(RemoteTestNG.java:251)
	at org.testng.remote.RemoteTestNG.main(RemoteTestNG.java:77)
]]>
    </failure>
  </testcase> <!-- @BeforeTest initializeChrome -->
  <testcase name="validateLoginPage" time="0.0" classname="com.itcsystems.www.TestApplication">
    <skipped/>
  </testcase> <!-- validateLoginPage -->
  <testcase name="checkPageTitle" time="0.005" classname="com.itcsystems.www.TestApplication">
    <skipped/>
  </testcase> <!-- checkPageTitle -->
  <testcase name="checkAccountSummary" time="0.002" classname="com.itcsystems.www.TestApplication">
    <skipped/>
  </testcase> <!-- checkAccountSummary -->
  <testcase name="checkTransactionHistory" time="0.001" classname="com.itcsystems.www.TestApplication">
    <skipped/>
  </testcase> <!-- checkTransactionHistory -->
  <testcase name="validateBalanceRefund" time="0.001" classname="com.itcsystems.www.TestApplication">
    <skipped/>
  </testcase> <!-- validateBalanceRefund -->
  <testcase name="validateBalanceTransfer" time="0.001" classname="com.itcsystems.www.TestApplication">
    <skipped/>
  </testcase> <!-- validateBalanceTransfer -->
  <testcase name="purchaseMealplan" time="0.001" classname="com.itcsystems.www.TestApplication">
    <skipped/>
  </testcase> <!-- purchaseMealplan -->
  <testcase name="addMoney" time="0.001" classname="com.itcsystems.www.TestApplication">
    <skipped/>
  </testcase> <!-- addMoney -->
</testsuite> <!-- Default test -->
